<?xml version="1.0" encoding="UTF-8"?>
<testsuite name="com.telran.addressbook.tests.GroupCreationTests" tests="1" skipped="1" failures="0" errors="0" timestamp="2018-11-09T14:58:01" hostname="DESKTOP-HJRD1PB" time="0.0">
  <properties/>
  <testcase name="testGroupCreation" classname="com.telran.addressbook.tests.GroupCreationTests" time="0.0">
    <skipped/>
  </testcase>
  <system-out><![CDATA[]]></system-out>
  <system-err><![CDATA[]]></system-err>
</testsuite>
