<?xml version="1.0" encoding="UTF-8"?>
<testsuite name="com.telran.addressbook.tests.GroupCreationTests" tests="1" skipped="0" failures="0" errors="0" timestamp="2018-11-08T18:23:46" hostname="DESKTOP-HJRD1PB" time="1.72">
  <properties/>
  <testcase name="testGroupCreation" classname="com.telran.addressbook.tests.GroupCreationTests" time="1.72"/>
  <system-out><![CDATA[]]></system-out>
  <system-err><![CDATA[]]></system-err>
</testsuite>
