<?xml version="1.0" encoding="UTF-8"?>
<testsuite name="com.telran.addressbook.tests.ContactCreationTests" tests="1" skipped="0" failures="0" errors="0" timestamp="2018-11-08T18:23:50" hostname="DESKTOP-HJRD1PB" time="2.192">
  <properties/>
  <testcase name="testContactCreation" classname="com.telran.addressbook.tests.ContactCreationTests" time="2.192"/>
  <system-out><![CDATA[]]></system-out>
  <system-err><![CDATA[]]></system-err>
</testsuite>
