<?xml version="1.0" encoding="UTF-8"?>
<testsuite name="com.telran.addressbook.tests.GroupDeletionTests" tests="1" skipped="1" failures="0" errors="0" timestamp="2018-11-10T08:37:15" hostname="DESKTOP-HJRD1PB" time="0.0">
  <properties/>
  <testcase name="testGroupDeletion" classname="com.telran.addressbook.tests.GroupDeletionTests" time="0.0">
    <skipped/>
  </testcase>
  <system-out><![CDATA[]]></system-out>
  <system-err><![CDATA[]]></system-err>
</testsuite>
