<?xml version="1.0" encoding="UTF-8"?>
<testsuite name="com.telran.addressbook.tests.ContactDelete" tests="1" skipped="0" failures="0" errors="0" timestamp="2018-11-08T18:23:56" hostname="DESKTOP-HJRD1PB" time="0.853">
  <properties/>
  <testcase name="ContactDelete" classname="com.telran.addressbook.tests.ContactDelete" time="0.853"/>
  <system-out><![CDATA[]]></system-out>
  <system-err><![CDATA[]]></system-err>
</testsuite>
