<?xml version="1.0" encoding="UTF-8"?>
<testsuite name="com.telran.addressbook.tests.GroupModificationTests" tests="1" skipped="0" failures="0" errors="0" timestamp="2018-11-08T18:23:48" hostname="DESKTOP-HJRD1PB" time="1.773">
  <properties/>
  <testcase name="testGroupModification" classname="com.telran.addressbook.tests.GroupModificationTests" time="1.773"/>
  <system-out><![CDATA[]]></system-out>
  <system-err><![CDATA[]]></system-err>
</testsuite>
